2019-08-11 15:58:54,821 INFO o.s.b.StartupInfoLogger [restartedMain] Starting SbdemApplication on RainbowAndStars with PID 5692 (C:\Users\SpaceUnicorn\Desktop\sbdem\sbdem\sbdem\target\classes started by SpaceUnicorn in C:\Users\SpaceUnicorn\Desktop\sbdem\sbdem\sbdem)
2019-08-11 15:58:54,826 INFO o.s.b.SpringApplication [restartedMain] No active profile set, falling back to default profiles: default
2019-08-11 15:58:54,858 INFO o.s.c.s.AbstractApplicationContext [restartedMain] Refreshing org.springframework.boot.web.servlet.context.AnnotationConfigServletWebServerApplicationContext@340aae06: startup date [Sun Aug 11 15:58:54 GMT+03:00 2019]; root of context hierarchy
2019-08-11 15:58:55,879 INFO o.s.c.s.PostProcessorRegistrationDelegate$BeanPostProcessorChecker [restartedMain] Bean 'org.springframework.transaction.annotation.ProxyTransactionManagementConfiguration' of type [org.springframework.transaction.annotation.ProxyTransactionManagementConfiguration$$EnhancerBySpringCGLIB$$96de6d4] is not eligible for getting processed by all BeanPostProcessors (for example: not eligible for auto-proxying)
2019-08-11 15:58:56,289 INFO o.s.b.w.e.t.TomcatWebServer [restartedMain] Tomcat initialized with port(s): 8080 (http)
2019-08-11 15:58:56,299 INFO o.a.j.l.DirectJDKLog [restartedMain] Initializing ProtocolHandler ["http-nio-8080"]
2019-08-11 15:58:56,311 INFO o.a.j.l.DirectJDKLog [restartedMain] Starting service [Tomcat]
2019-08-11 15:58:56,312 INFO o.a.j.l.DirectJDKLog [restartedMain] Starting Servlet Engine: Apache Tomcat/8.5.35
2019-08-11 15:58:56,315 INFO o.a.j.l.DirectJDKLog [localhost-startStop-1] The APR based Apache Tomcat Native library which allows optimal performance in production environments was not found on the java.library.path: [C:\Program Files\Java\jdk1.8.0_161\bin;C:\Windows\Sun\Java\bin;C:\Windows\system32;C:\Windows;C:\python\Scripts\;C:\python\;C:\Program Files (x86)\Common Files\Oracle\Java\javapath;C:\ProgramData\Oracle\Java\javapath;C:\Program Files (x86)\Intel\iCLS Client\;C:\Program Files\Intel\iCLS Client\;C:\Windows\system32;C:\Windows;C:\Windows\System32\Wbem;C:\Windows\System32\WindowsPowerShell\v1.0\;C:\Program Files\Intel\Intel(R) Management Engine Components\DAL;C:\Program Files\Intel\Intel(R) Management Engine Components\IPT;C:\Program Files (x86)\Intel\Intel(R) Management Engine Components\DAL;C:\Program Files (x86)\Intel\Intel(R) Management Engine Components\IPT;C:\Program Files\Lucidlogix Technologies\VIRTU MVP;C:\Program Files\Java\jdk1.8.0_161\bin;C:\ProgramData\chocolatey\bin;C:\Program Files (x86)\NVIDIA Corporation\PhysX\Common;E:\Go\bin;C:\Program Files\nodejs\;E:\Git\cmd;C:\Users\SpaceUnicorn\go\bin;C:\Users\SpaceUnicorn\AppData\Roaming\npm;E:\Docker Toolbox;E:\maven\apache-maven-3.6.1\bin;E:\heroku\bin;C:\Program Files\JetBrains\IntelliJ IDEA 2019.1.3\bin;.]
2019-08-11 15:58:56,466 INFO o.a.j.l.DirectJDKLog [localhost-startStop-1] Initializing Spring embedded WebApplicationContext
2019-08-11 15:58:56,466 INFO o.s.b.w.s.c.ServletWebServerApplicationContext [localhost-startStop-1] Root WebApplicationContext: initialization completed in 1608 ms
2019-08-11 15:58:56,548 INFO o.s.b.w.s.AbstractFilterRegistrationBean [localhost-startStop-1] Mapping filter: 'characterEncodingFilter' to: [/*]
2019-08-11 15:58:56,548 INFO o.s.b.w.s.AbstractFilterRegistrationBean [localhost-startStop-1] Mapping filter: 'hiddenHttpMethodFilter' to: [/*]
2019-08-11 15:58:56,548 INFO o.s.b.w.s.AbstractFilterRegistrationBean [localhost-startStop-1] Mapping filter: 'httpPutFormContentFilter' to: [/*]
2019-08-11 15:58:56,548 INFO o.s.b.w.s.AbstractFilterRegistrationBean [localhost-startStop-1] Mapping filter: 'requestContextFilter' to: [/*]
2019-08-11 15:58:56,549 INFO o.s.b.w.s.AbstractFilterRegistrationBean [localhost-startStop-1] Mapping filter: 'springSecurityFilterChain' to: [/*]
2019-08-11 15:58:56,549 INFO o.s.b.w.s.AbstractFilterRegistrationBean [localhost-startStop-1] Mapping filter: 'resourceUrlEncodingFilter' to: [/*]
2019-08-11 15:58:56,549 INFO o.s.b.w.s.ServletRegistrationBean [localhost-startStop-1] Servlet dispatcherServlet mapped to [/]
2019-08-11 15:58:56,664 INFO c.z.h.HikariDataSource [restartedMain] HikariPool-1 - Starting...
2019-08-11 15:58:57,491 INFO c.z.h.HikariDataSource [restartedMain] HikariPool-1 - Start completed.
2019-08-11 15:58:57,533 INFO o.s.o.j.LocalContainerEntityManagerFactoryBean [restartedMain] Building JPA container EntityManagerFactory for persistence unit 'default'
2019-08-11 15:58:57,543 INFO o.h.j.i.u.LogHelper [restartedMain] HHH000204: Processing PersistenceUnitInfo [
	name: default
	...]
2019-08-11 15:58:57,594 INFO o.h.Version [restartedMain] HHH000412: Hibernate Core {5.2.17.Final}
2019-08-11 15:58:57,595 INFO o.h.c.Environment [restartedMain] HHH000206: hibernate.properties not found
2019-08-11 15:58:57,624 INFO o.h.a.c.r.j.JavaReflectionManager [restartedMain] HCANN000001: Hibernate Commons Annotations {5.0.1.Final}
2019-08-11 15:58:57,713 INFO o.h.d.Dialect [restartedMain] HHH000400: Using dialect: org.hibernate.dialect.PostgreSQLDialect
2019-08-11 15:58:57,725 INFO o.h.e.j.e.i.LobCreatorBuilderImpl [restartedMain] HHH000422: Disabling contextual LOB creation as connection was null
2019-08-11 15:58:57,726 INFO o.h.t.BasicTypeRegistry [restartedMain] HHH000270: Type registration [java.util.UUID] overrides previous : org.hibernate.type.UUIDBinaryType@514a395c
2019-08-11 15:59:00,828 INFO o.s.o.j.AbstractEntityManagerFactoryBean [restartedMain] Initialized JPA EntityManagerFactory for persistence unit 'default'
2019-08-11 15:59:01,156 INFO o.h.h.i.QueryTranslatorFactoryInitiator [restartedMain] HHH000397: Using ASTQueryTranslatorFactory
2019-08-11 15:59:01,913 INFO o.s.s.w.DefaultSecurityFilterChain [restartedMain] Creating filter chain: org.springframework.security.web.util.matcher.AnyRequestMatcher@1, [org.springframework.security.web.context.request.async.WebAsyncManagerIntegrationFilter@448bcbfb, org.springframework.security.web.context.SecurityContextPersistenceFilter@21916de2, org.springframework.security.web.header.HeaderWriterFilter@31d073c9, org.springframework.security.web.csrf.CsrfFilter@6b59172, com.entr.sbdem.security.CsrfHeaderFilter@528e2090, org.springframework.security.web.authentication.logout.LogoutFilter@77dd8edb, org.springframework.security.web.authentication.UsernamePasswordAuthenticationFilter@6ec8bcce, org.springframework.security.web.savedrequest.RequestCacheAwareFilter@49259706, org.springframework.security.web.servletapi.SecurityContextHolderAwareRequestFilter@2b808674, org.springframework.security.web.authentication.AnonymousAuthenticationFilter@43da5af1, org.springframework.security.web.session.SessionManagementFilter@6a13df4f, org.springframework.security.web.access.ExceptionTranslationFilter@27992218, org.springframework.security.web.access.intercept.FilterSecurityInterceptor@3866ca91]
2019-08-11 15:59:01,969 INFO o.s.w.s.h.AbstractUrlHandlerMapping [restartedMain] Mapped URL path [/**/favicon.ico] onto handler of type [class org.springframework.web.servlet.resource.ResourceHttpRequestHandler]
2019-08-11 15:59:02,119 INFO o.s.w.s.m.m.a.RequestMappingHandlerAdapter [restartedMain] Looking for @ControllerAdvice: org.springframework.boot.web.servlet.context.AnnotationConfigServletWebServerApplicationContext@340aae06: startup date [Sun Aug 11 15:58:54 GMT+03:00 2019]; root of context hierarchy
2019-08-11 15:59:02,147 WARN o.s.b.a.o.j.JpaBaseConfiguration$JpaWebConfiguration$JpaWebMvcConfiguration [restartedMain] spring.jpa.open-in-view is enabled by default. Therefore, database queries may be performed during view rendering. Explicitly configure spring.jpa.open-in-view to disable this warning
2019-08-11 15:59:02,174 INFO o.s.w.s.h.AbstractHandlerMethodMapping$MappingRegistry [restartedMain] Mapped "{[/error]}" onto public java.lang.String com.entr.sbdem.controller.CustomErrorController.handleError(javax.servlet.http.HttpServletRequest,java.lang.String)
2019-08-11 15:59:02,177 INFO o.s.w.s.h.AbstractHandlerMethodMapping$MappingRegistry [restartedMain] Mapped "{[/fragments/header],methods=[GET]}" onto public java.lang.String com.entr.sbdem.controller.FragmentController.getHeader()
2019-08-11 15:59:02,178 INFO o.s.w.s.h.AbstractHandlerMethodMapping$MappingRegistry [restartedMain] Mapped "{[/fragments/footer],methods=[GET]}" onto public java.lang.String com.entr.sbdem.controller.FragmentController.getFooter()
2019-08-11 15:59:02,178 INFO o.s.w.s.h.AbstractHandlerMethodMapping$MappingRegistry [restartedMain] Mapped "{[/logger],methods=[GET]}" onto public java.lang.String com.entr.sbdem.controller.Log4j2Controller.loggerTest()
2019-08-11 15:59:02,180 INFO o.s.w.s.h.AbstractHandlerMethodMapping$MappingRegistry [restartedMain] Mapped "{[/register],methods=[POST]}" onto public java.lang.String com.entr.sbdem.controller.RegisterController.processRegistration(com.entr.sbdem.model.UserRegisterForm,org.springframework.validation.Errors,org.springframework.ui.Model,org.springframework.web.bind.support.SessionStatus)
2019-08-11 15:59:02,180 INFO o.s.w.s.h.AbstractHandlerMethodMapping$MappingRegistry [restartedMain] Mapped "{[/register],methods=[GET]}" onto public java.lang.String com.entr.sbdem.controller.RegisterController.userRegForm(org.springframework.ui.Model)
2019-08-11 15:59:02,181 INFO o.s.w.s.h.AbstractHandlerMethodMapping$MappingRegistry [restartedMain] Mapped "{[/ || /index],methods=[GET]}" onto public java.lang.String com.entr.sbdem.controller.RootSimpleController.get()
2019-08-11 15:59:02,181 INFO o.s.w.s.h.AbstractHandlerMethodMapping$MappingRegistry [restartedMain] Mapped "{[/json-to-table],methods=[GET]}" onto public java.lang.String com.entr.sbdem.controller.RootSimpleController.getJsonToTable()
2019-08-11 15:59:02,182 INFO o.s.w.s.h.AbstractHandlerMethodMapping$MappingRegistry [restartedMain] Mapped "{[/login],methods=[GET]}" onto public java.lang.String com.entr.sbdem.controller.RootSimpleController.loginPage()
2019-08-11 15:59:02,184 INFO o.s.w.s.h.AbstractHandlerMethodMapping$MappingRegistry [restartedMain] Mapped "{[/user/status],methods=[GET]}" onto public org.springframework.http.ResponseEntity<java.lang.Object> com.entr.sbdem.controller.UserController.status()
2019-08-11 15:59:02,184 INFO o.s.w.s.h.AbstractHandlerMethodMapping$MappingRegistry [restartedMain] Mapped "{[/user/{username}],methods=[GET]}" onto public java.lang.String com.entr.sbdem.controller.UserController.getUserInfo(java.lang.String,org.springframework.ui.Model)
2019-08-11 15:59:02,185 INFO o.s.w.s.h.AbstractHandlerMethodMapping$MappingRegistry [restartedMain] Mapped "{[/user],methods=[GET]}" onto public java.lang.String com.entr.sbdem.controller.UserController.getUserPage()
2019-08-11 15:59:02,185 INFO o.s.w.s.h.AbstractHandlerMethodMapping$MappingRegistry [restartedMain] Mapped "{[/user/modify-user],methods=[GET]}" onto public java.lang.String com.entr.sbdem.controller.UserController.getProfilePage(org.springframework.ui.Model)
2019-08-11 15:59:02,185 INFO o.s.w.s.h.AbstractHandlerMethodMapping$MappingRegistry [restartedMain] Mapped "{[/user/modify-user],methods=[POST]}" onto public java.lang.String com.entr.sbdem.controller.UserController.updateUsPrForm(com.entr.sbdem.model.UserModifyForm,org.springframework.validation.Errors,org.springframework.web.bind.support.SessionStatus,org.springframework.web.servlet.mvc.support.RedirectAttributes,org.springframework.ui.Model)
2019-08-11 15:59:02,186 INFO o.s.w.s.h.AbstractHandlerMethodMapping$MappingRegistry [restartedMain] Mapped "{[/user/modify-user-img],methods=[POST]}" onto public java.lang.String com.entr.sbdem.controller.UserController.updateAvImg(org.springframework.web.multipart.MultipartFile,org.springframework.web.servlet.mvc.support.RedirectAttributes) throws com.entr.sbdem.exception.StorageException
2019-08-11 15:59:02,191 INFO o.s.w.s.h.AbstractHandlerMethodMapping$MappingRegistry [restartedMain] Mapped "{[/admin/api/get-user/{username}],methods=[GET],produces=[application/json;charset=UTF-8]}" onto public org.springframework.http.ResponseEntity<com.entr.sbdem.entity.SpUser> com.entr.sbdem.restController.AdminApiController.getUserByUsername(java.lang.String) throws com.entr.sbdem.exception.UserNotFoundException
2019-08-11 15:59:02,192 INFO o.s.w.s.h.AbstractHandlerMethodMapping$MappingRegistry [restartedMain] Mapped "{[/admin/api/update-user-info/{username}],methods=[PATCH],consumes=[application/json;charset=UTF-8]}" onto public org.springframework.http.ResponseEntity<java.lang.Object> com.entr.sbdem.restController.AdminApiController.updateUserInfo(java.lang.String,com.entr.sbdem.model.UserModifyForm)
2019-08-11 15:59:02,192 INFO o.s.w.s.h.AbstractHandlerMethodMapping$MappingRegistry [restartedMain] Mapped "{[/admin/api/create-user],methods=[POST],consumes=[application/json;charset=UTF-8]}" onto public org.springframework.http.ResponseEntity<com.entr.sbdem.entity.SpUser> com.entr.sbdem.restController.AdminApiController.createUser(com.entr.sbdem.model.UserRegisterForm) throws com.entr.sbdem.exception.UserAlreadyExistsException
2019-08-11 15:59:02,192 INFO o.s.w.s.h.AbstractHandlerMethodMapping$MappingRegistry [restartedMain] Mapped "{[/admin/api/get-all-users],methods=[GET],produces=[application/json;charset=UTF-8]}" onto public org.springframework.http.ResponseEntity<java.util.List<com.entr.sbdem.entity.SpUser>> com.entr.sbdem.restController.AdminApiController.getAllUsers()
2019-08-11 15:59:02,193 INFO o.s.w.s.h.AbstractHandlerMethodMapping$MappingRegistry [restartedMain] Mapped "{[/admin/api/delete-user/{username}],methods=[DELETE]}" onto public org.springframework.http.ResponseEntity<java.lang.Object> com.entr.sbdem.restController.AdminApiController.deleteUser(java.lang.String) throws com.entr.sbdem.exception.UserNotFoundException
2019-08-11 15:59:02,193 INFO o.s.w.s.h.AbstractHandlerMethodMapping$MappingRegistry [restartedMain] Mapped "{[/admin/api/full-update-user/{id}],methods=[PUT],consumes=[application/json;charset=UTF-8]}" onto public org.springframework.http.ResponseEntity<java.lang.Object> com.entr.sbdem.restController.AdminApiController.fullUpdateUser(java.lang.String,com.entr.sbdem.entity.SpUser) throws com.entr.sbdem.exception.UserNotFoundException
2019-08-11 15:59:02,193 INFO o.s.w.s.h.AbstractHandlerMethodMapping$MappingRegistry [restartedMain] Mapped "{[/admin],methods=[GET]}" onto public java.lang.String com.entr.sbdem.restController.adminPageController.getAdminPage()
2019-08-11 15:59:02,228 INFO o.s.w.s.h.AbstractUrlHandlerMapping [restartedMain] Mapped URL path [/webjars/**] onto handler of type [class org.springframework.web.servlet.resource.ResourceHttpRequestHandler]
2019-08-11 15:59:02,228 INFO o.s.w.s.h.AbstractUrlHandlerMapping [restartedMain] Mapped URL path [/**] onto handler of type [class org.springframework.web.servlet.resource.ResourceHttpRequestHandler]
2019-08-11 15:59:02,228 INFO o.s.w.s.h.AbstractUrlHandlerMapping [restartedMain] Mapped URL path [/upload/**] onto handler of type [class org.springframework.web.servlet.resource.ResourceHttpRequestHandler]
2019-08-11 15:59:02,229 INFO o.s.w.s.h.AbstractUrlHandlerMapping [restartedMain] Mapped URL path [/resources/**] onto handler of type [class org.springframework.web.servlet.resource.ResourceHttpRequestHandler]
2019-08-11 15:59:02,243 INFO o.s.w.s.m.m.a.ExceptionHandlerExceptionResolver [restartedMain] Detected @ExceptionHandler methods in customMvcResponseEntityExceptionHandle
2019-08-11 15:59:02,244 INFO o.s.w.s.m.m.a.ExceptionHandlerExceptionResolver [restartedMain] Detected @ExceptionHandler methods in restResponseEntityExceptionHandler
2019-08-11 15:59:02,326 INFO o.s.b.a.w.s.WelcomePageHandlerMapping [restartedMain] Adding welcome page template: index
2019-08-11 15:59:02,549 INFO o.s.b.d.a.OptionalLiveReloadServer [restartedMain] LiveReload server is running on port 35729
2019-08-11 15:59:02,584 INFO o.s.j.e.MBeanExporter [restartedMain] Registering beans for JMX exposure on startup
2019-08-11 15:59:02,586 INFO o.s.j.e.MBeanExporter [restartedMain] Bean with name 'dataSource' has been autodetected for JMX exposure
2019-08-11 15:59:02,591 INFO o.s.j.e.MBeanExporter [restartedMain] Located MBean 'dataSource': registering with JMX server as MBean [com.zaxxer.hikari:name=dataSource,type=HikariDataSource]
2019-08-11 15:59:02,600 INFO o.a.j.l.DirectJDKLog [restartedMain] Starting ProtocolHandler ["http-nio-8080"]
2019-08-11 15:59:02,608 INFO o.a.j.l.DirectJDKLog [restartedMain] Using a shared selector for servlet write/read
2019-08-11 15:59:02,619 INFO o.s.b.w.e.t.TomcatWebServer [restartedMain] Tomcat started on port(s): 8080 (http) with context path ''
2019-08-11 15:59:02,622 INFO o.s.b.StartupInfoLogger [restartedMain] Started SbdemApplication in 8.187 seconds (JVM running for 9.078)
2019-08-11 15:59:15,803 INFO o.a.j.l.DirectJDKLog [http-nio-8080-exec-1] Initializing Spring FrameworkServlet 'dispatcherServlet'
2019-08-11 15:59:15,803 INFO o.s.w.s.FrameworkServlet [http-nio-8080-exec-1] FrameworkServlet 'dispatcherServlet': initialization started
2019-08-11 15:59:15,819 INFO o.s.w.s.FrameworkServlet [http-nio-8080-exec-1] FrameworkServlet 'dispatcherServlet': initialization completed in 15 ms
